<?xml version="1.0" encoding="utf-8"?><testsuites name="pytest tests"><testsuite name="pytest" errors="0" failures="0" skipped="0" tests="5" time="0.473" timestamp="2026-04-13T09:31:34.315161+00:00" hostname="agent-env-2b238b47-f58e-444c-aa4b-d841fc2c2692"><testcase classname="backend.tests.test_student_performance_api" name="test_health_endpoint" time="0.171" /><testcase classname="backend.tests.test_student_performance_api" name="test_predict_creates_record_with_expected_fields" time="0.048" /><testcase classname="backend.tests.test_student_performance_api" name="test_predict_validation_error_for_invalid_range" time="0.043" /><testcase classname="backend.tests.test_student_performance_api" name="test_history_contains_recent_prediction" time="0.090" /><testcase classname="backend.tests.test_student_performance_api" name="test_dashboard_response_structure_and_consistency" time="0.042" /></testsuite></testsuites>